0 info it worked if it ends with ok
1 verbose cli [ '/usr/local/Cellar/node/5.4.1/bin/node',
1 verbose cli   '/usr/local/bin/npm',
1 verbose cli   'run',
1 verbose cli   'test:unit' ]
2 info using npm@3.3.12
3 info using node@v5.4.1
4 verbose run-script [ 'pretest:unit', 'test:unit', 'posttest:unit' ]
5 info lifecycle chai-enzyme@0.2.2~pretest:unit: chai-enzyme@0.2.2
6 silly lifecycle chai-enzyme@0.2.2~pretest:unit: no script for pretest:unit, continuing
7 info lifecycle chai-enzyme@0.2.2~test:unit: chai-enzyme@0.2.2
8 verbose lifecycle chai-enzyme@0.2.2~test:unit: unsafe-perm in lifecycle true
9 verbose lifecycle chai-enzyme@0.2.2~test:unit: PATH: /usr/local/lib/node_modules/npm/bin/node-gyp-bin:/Users/mdejongh/Projects/Github/chai-enzyme/node_modules/.bin:/usr/local/bin:/usr/bin:/bin:/usr/sbin:/sbin
10 verbose lifecycle chai-enzyme@0.2.2~test:unit: CWD: /Users/mdejongh/Projects/Github/chai-enzyme
11 silly lifecycle chai-enzyme@0.2.2~test:unit: Args: [ '-c', 'NODE_ENV=test mocha test/**/*.test.js' ]
12 silly lifecycle chai-enzyme@0.2.2~test:unit: Returned: code: 2  signal: null
13 info lifecycle chai-enzyme@0.2.2~test:unit: Failed to exec test:unit script
14 verbose stack Error: chai-enzyme@0.2.2 test:unit: `NODE_ENV=test mocha test/**/*.test.js`
14 verbose stack Exit status 2
14 verbose stack     at EventEmitter.<anonymous> (/usr/local/lib/node_modules/npm/lib/utils/lifecycle.js:232:16)
14 verbose stack     at emitTwo (events.js:87:13)
14 verbose stack     at EventEmitter.emit (events.js:172:7)
14 verbose stack     at ChildProcess.<anonymous> (/usr/local/lib/node_modules/npm/lib/utils/spawn.js:24:14)
14 verbose stack     at emitTwo (events.js:87:13)
14 verbose stack     at ChildProcess.emit (events.js:172:7)
14 verbose stack     at maybeClose (internal/child_process.js:821:16)
14 verbose stack     at Process.ChildProcess._handle.onexit (internal/child_process.js:211:5)
15 verbose pkgid chai-enzyme@0.2.2
16 verbose cwd /Users/mdejongh/Projects/Github/chai-enzyme
17 error Darwin 15.2.0
18 error argv "/usr/local/Cellar/node/5.4.1/bin/node" "/usr/local/bin/npm" "run" "test:unit"
19 error node v5.4.1
20 error npm  v3.3.12
21 error code ELIFECYCLE
22 error chai-enzyme@0.2.2 test:unit: `NODE_ENV=test mocha test/**/*.test.js`
22 error Exit status 2
23 error Failed at the chai-enzyme@0.2.2 test:unit script 'NODE_ENV=test mocha test/**/*.test.js'.
23 error Make sure you have the latest version of node.js and npm installed.
23 error If you do, this is most likely a problem with the chai-enzyme package,
23 error not with npm itself.
23 error Tell the author that this fails on your system:
23 error     NODE_ENV=test mocha test/**/*.test.js
23 error You can get their info via:
23 error     npm owner ls chai-enzyme
23 error There is likely additional logging output above.
24 verbose exit [ 1, true ]
